<?xml version="1.0" encoding="UTF-8"?>
<!-- Generated by org.testng.reporters.JUnitReportReporter -->
<testsuite hostname="DESKTOP-H5DN0KV" failures="0" tests="2" name="Framework.tests.ErrorValidationsTest" time="32.153" errors="0" timestamp="2024-08-15T19:34:29 IST" skipped="0">
  <testcase classname="Framework.tests.ErrorValidationsTest" name="productErrorValidation" time="26.399"/>
  <testcase classname="Framework.tests.ErrorValidationsTest" name="loginErrorValidation" time="5.754"/>
</testsuite> <!-- Framework.tests.ErrorValidationsTest -->
