<?xml version="1.0" encoding="UTF-8"?>
<!-- Generated by org.testng.reporters.JUnitReportReporter -->
<testsuite hostname="DESKTOP-H5DN0KV" failures="0" tests="2" name="Framework.tests.ErrorValidations" time="24.504" errors="0" timestamp="2024-08-09T18:16:06 IST" skipped="0">
  <testcase classname="Framework.tests.ErrorValidations" name="loginErrorValidation" time="4.638"/>
  <testcase classname="Framework.tests.ErrorValidations" name="productErrorValidation" time="19.866"/>
</testsuite> <!-- Framework.tests.ErrorValidations -->
