<?xml version="1.0" encoding="UTF-8"?>
<!-- Generated by org.testng.reporters.JUnitReportReporter -->
<testsuite hostname="DESKTOP-H5DN0KV" failures="0" tests="2" name="Framework.tests.SubmitOrderTest" time="22.423" errors="0" timestamp="2024-08-16T18:15:35 IST" skipped="0">
  <testcase classname="Framework.tests.SubmitOrderTest" name="submitOrder" time="5.874"/>
  <testcase classname="Framework.tests.SubmitOrderTest" name="submitOrder" time="16.549"/>
</testsuite> <!-- Framework.tests.SubmitOrderTest -->
