<?xml version="1.0" encoding="UTF-8"?>
<!-- Generated by org.testng.reporters.JUnitReportReporter -->
<testsuite hostname="DESKTOP-H5DN0KV" failures="0" tests="1" name="cucumber.TestNGTestRunner" time="3.441" errors="0" timestamp="2024-08-17T02:09:09 IST" skipped="0">
  <testcase classname="cucumber.TestNGTestRunner" name="runScenario" time="3.441"/>
</testsuite> <!-- cucumber.TestNGTestRunner -->
