<?xml version="1.0" encoding="UTF-8"?>
<!-- Generated by org.testng.reporters.JUnitReportReporter -->
<testsuite hostname="DESKTOP-H5DN0KV" failures="0" tests="1" name="Framework.tests.ErrorValidationsTest" time="3.712" errors="0" timestamp="2024-08-17T02:02:08 IST" skipped="0">
  <testcase classname="Framework.tests.ErrorValidationsTest" name="loginErrorValidation" time="3.712"/>
</testsuite> <!-- Framework.tests.ErrorValidationsTest -->
